<?xml version="1.0" encoding="UTF-8"?>
<!-- Generated by org.testng.reporters.JUnitReportReporter -->
<testsuite skipped="0" hostname="ANKUR-JH9R5PSD" name="DeleteTest" tests="1" failures="0" timestamp="2021-10-04T01:26:51 IST" time="3.423" errors="0">
  <testcase name="Validate_Delete_Request" time="3.423" classname="DeleteTest"/>
  <system-out/>
</testsuite> <!-- DeleteTest -->
