<?xml version="1.0" encoding="UTF-8"?>
<!-- Generated by org.testng.reporters.JUnitReportReporter -->
<testsuite skipped="0" hostname="ANKUR-JH9R5PSD" name="UpdatePutTest" tests="1" failures="0" timestamp="2021-10-04T01:18:35 IST" time="3.632" errors="0">
  <testcase name="Validate_Put_Request" time="3.632" classname="UpdatePutTest"/>
  <system-out/>
</testsuite> <!-- UpdatePutTest -->
