<?xml version="1.0" encoding="UTF-8"?>
<!-- Generated by org.testng.reporters.JUnitReportReporter -->
<testsuite skipped="0" hostname="ANKUR-JH9R5PSD" name="PostApiTest" tests="2" failures="0" timestamp="2021-10-04T01:13:25 IST" time="4.242" errors="0">
  <testcase name="Validate_Post_Request" time="3.652" classname="PostApiTest"/>
  <system-out/>
  <testcase name="Validate_Put_Request" time="0.590" classname="PostApiTest"/>
  <system-out/>
</testsuite> <!-- PostApiTest -->
