<?xml version="1.0" encoding="UTF-8"?>
<!-- Generated by org.testng.reporters.JUnitReportReporter -->
<testsuite skipped="0" hostname="ANKUR-JH9R5PSD" name="TestCases.UpdatePutTest" tests="1" failures="0" timestamp="2021-10-05T11:01:13 IST" time="2.121" errors="0">
  <testcase name="Validate_Put_Request" time="2.121" classname="TestCases.UpdatePutTest"/>
  <system-out/>
</testsuite> <!-- TestCases.UpdatePutTest -->
