<?xml version="1.0" encoding="UTF-8"?>
<!-- Generated by org.testng.reporters.JUnitReportReporter -->
<testsuite skipped="0" hostname="ANKUR-JH9R5PSD" name="TestCases.AddUserPostTest" tests="1" failures="0" timestamp="2021-10-06T17:37:58 IST" time="2.181" errors="0">
  <testcase name="Validate_Post_Request" time="2.181" classname="TestCases.AddUserPostTest"/>
  <system-out/>
</testsuite> <!-- TestCases.AddUserPostTest -->
