<?xml version="1.0" encoding="UTF-8"?>
<!-- Generated by org.testng.reporters.JUnitReportReporter -->
<testsuite skipped="0" hostname="ANKUR-JH9R5PSD" name="TestCases.PartialUpdatePatchTest" tests="1" failures="0" timestamp="2021-10-06T17:39:31 IST" time="2.219" errors="0">
  <testcase name="Validate_Patch_Request" time="2.219" classname="TestCases.PartialUpdatePatchTest"/>
  <system-out/>
</testsuite> <!-- TestCases.PartialUpdatePatchTest -->
