<?xml version="1.0" encoding="UTF-8"?>
<!-- Generated by org.testng.reporters.JUnitReportReporter -->
<testsuite skipped="0" hostname="ANKUR-JH9R5PSD" name="com.qa.TestCases.PartialUpdatePatchTest" tests="1" failures="0" timestamp="2021-11-12T17:09:48 IST" time="0.542" errors="0">
  <testcase name="Validate_Patch_update_Request" time="0.542" classname="com.qa.TestCases.PartialUpdatePatchTest"/>
  <system-out/>
</testsuite> <!-- com.qa.TestCases.PartialUpdatePatchTest -->
