<?xml version="1.0" encoding="UTF-8"?>
<!-- Generated by org.testng.reporters.JUnitReportReporter -->
<testsuite skipped="0" hostname="ANKUR-JH9R5PSD" name="TestCases.DeleteTest" tests="1" failures="0" timestamp="2021-10-05T11:00:42 IST" time="1.958" errors="0">
  <testcase name="Validate_Delete_Request" time="1.958" classname="TestCases.DeleteTest"/>
  <system-out/>
</testsuite> <!-- TestCases.DeleteTest -->
