<?xml version="1.0" encoding="UTF-8"?>
<!-- Generated by org.testng.reporters.JUnitReportReporter -->
<testsuite skipped="0" hostname="ANKUR-JH9R5PSD" name="com.qa.TestCases.UserListGetApiTest" tests="1" failures="0" timestamp="2021-11-12T17:09:48 IST" time="2.563" errors="0">
  <testcase name="Validate_get_Users_list" time="2.563" classname="com.qa.TestCases.UserListGetApiTest"/>
  <system-out/>
</testsuite> <!-- com.qa.TestCases.UserListGetApiTest -->
