<?xml version="1.0" encoding="UTF-8"?>
<!-- Generated by org.testng.reporters.JUnitReportReporter -->
<testsuite skipped="0" hostname="ANKUR-JH9R5PSD" name="com.qa.TestCases.AddUserDataDriven" tests="4" failures="0" timestamp="2022-01-10T13:26:05 IST" time="7.924" errors="0">
  <testcase name="Validate_add_user_data_driven" time="1.203" classname="com.qa.TestCases.AddUserDataDriven"/>
  <system-out/>
  <testcase name="Validate_add_user_data_driven" time="1.191" classname="com.qa.TestCases.AddUserDataDriven"/>
  <system-out/>
  <testcase name="Validate_add_user_data_driven" time="1.199" classname="com.qa.TestCases.AddUserDataDriven"/>
  <system-out/>
  <testcase name="Validate_add_user_data_driven" time="4.331" classname="com.qa.TestCases.AddUserDataDriven"/>
  <system-out/>
</testsuite> <!-- com.qa.TestCases.AddUserDataDriven -->
