<?xml version="1.0" encoding="UTF-8"?>
<!-- Generated by org.testng.reporters.JUnitReportReporter -->
<testsuite skipped="0" hostname="ANKUR-JH9R5PSD" name="AllMethodTest" tests="1" failures="0" timestamp="2021-10-04T01:04:35 IST" time="4.354" errors="0">
  <testcase name="Test_1" time="4.354" classname="AllMethodTest"/>
  <system-out/>
</testsuite> <!-- AllMethodTest -->
