<?xml version="1.0" encoding="UTF-8"?>
<!-- Generated by org.testng.reporters.JUnitReportReporter -->
<testsuite skipped="0" hostname="ANKUR-JH9R5PSD" name="com.qa.TestCases.AddUserPostTest" tests="1" failures="0" timestamp="2022-04-03T22:21:26 IST" time="1.517" errors="0">
  <testcase name="Validate_Add_user_Post" time="1.517" classname="com.qa.TestCases.AddUserPostTest"/>
  <system-out/>
</testsuite> <!-- com.qa.TestCases.AddUserPostTest -->
