<?xml version="1.0" encoding="UTF-8"?>
<!-- Generated by org.testng.reporters.JUnitReportReporter -->
<testsuite skipped="0" hostname="ANKUR-JH9R5PSD" name="com.qa.TestCases.AddUserDataDriven" tests="4" failures="0" timestamp="2022-04-03T22:21:26 IST" time="8.142" errors="0">
  <testcase name="Validate_add_user_data_driven" time="2.436" classname="com.qa.TestCases.AddUserDataDriven"/>
  <system-out/>
  <testcase name="Validate_add_user_data_driven" time="2.133" classname="com.qa.TestCases.AddUserDataDriven"/>
  <system-out/>
  <testcase name="Validate_add_user_data_driven" time="1.944" classname="com.qa.TestCases.AddUserDataDriven"/>
  <system-out/>
  <testcase name="Validate_add_user_data_driven" time="1.629" classname="com.qa.TestCases.AddUserDataDriven"/>
  <system-out/>
</testsuite> <!-- com.qa.TestCases.AddUserDataDriven -->
